<?xml version="1.0" encoding="UTF-8"?>
<testsuites name="jest tests" tests="5" failures="0" errors="0" time="0.61">
  <testsuite name="Achievement System" errors="0" failures="0" skipped="0" timestamp="2025-09-26T20:09:51" time="0.196" tests="5">
    <testcase classname="Achievement System › Achievement Types" name="should have all required achievement types" time="0.003">
    </testcase>
    <testcase classname="Achievement System › Achievement Logic" name="should calculate streak correctly for consecutive days" time="0">
    </testcase>
    <testcase classname="Achievement System › Achievement Logic" name="should handle broken streaks correctly" time="0">
    </testcase>
    <testcase classname="Achievement System › Achievement Logic" name="should calculate weekly consistency correctly" time="0.001">
    </testcase>
    <testcase classname="Achievement System › Achievement Definitions" name="should have proper achievement metadata structure" time="0">
    </testcase>
  </testsuite>
</testsuites>